# JRE version: Java(TM) SE Runtime Environment (8.0_51-b16) (build 1.8.0_51-b16)
# Java VM: Java HotSpot(TM) 64-Bit Server VM (25.51-b03 mixed mode windows-amd64 compressed oops)
Heap:
 par new generation   total 39296K, used 19907K [0x0000000644200000, 0x0000000646ca0000, 0x0000000658ec0000)
  eden space 34944K,  56% used [0x0000000644200000, 0x0000000645547c78, 0x0000000646420000)
  from space 4352K,   3% used [0x0000000646420000, 0x00000006464490a0, 0x0000000646860000)
  to   space 4352K,   0% used [0x0000000646860000, 0x0000000646860000, 0x0000000646ca0000)
 concurrent mark-sweep generation total 382204K, used 229320K [0x0000000658ec0000, 0x00000006703ff000, 0x00000007c0000000)
 Metaspace       used 54624K, capacity 54972K, committed 55320K, reserved 1095680K
  class space    used 9350K, capacity 9448K, committed 9496K, reserved 1048576K
GC Heap History (10 events):
Event: 42.498 GC heap before
{Heap before GC invocations=125 (full 7):
 par new generation   total 39296K, used 34002K [0x0000000644200000, 0x0000000646ca0000, 0x0000000658ec0000)
  eden space 34944K,  97% used [0x0000000644200000, 0x00000006463268e8, 0x0000000646420000)
  from space 4352K,   1% used [0x0000000646860000, 0x000000064686df60, 0x0000000646ca0000)
  to   space 4352K,   0% used [0x0000000646420000, 0x0000000646420000, 0x0000000646860000)
 concurrent mark-sweep generation total 134472K, used 96306K [0x0000000658ec0000, 0x0000000661212000, 0x00000007c0000000)
 Metaspace       used 54173K, capacity 54546K, committed 55064K, reserved 1095680K
  class space    used 9313K, capacity 9414K, committed 9496K, reserved 1048576K
Event: 42.519 GC heap after
Heap after GC invocations=126 (full 7):
 par new generation   total 39296K, used 59K [0x0000000644200000, 0x0000000646ca0000, 0x0000000658ec0000)
  eden space 34944K,   0% used [0x0000000644200000, 0x0000000644200000, 0x0000000646420000)
  from space 4352K,   1% used [0x0000000646420000, 0x000000064642edd8, 0x0000000646860000)
  to   space 4352K,   0% used [0x0000000646860000, 0x0000000646860000, 0x0000000646ca0000)
 concurrent mark-sweep generation total 150100K, used 127556K [0x0000000658ec0000, 0x0000000662155000, 0x00000007c0000000)
 Metaspace       used 54173K, capacity 54546K, committed 55064K, reserved 1095680K
  class space    used 9313K, capacity 9414K, committed 9496K, reserved 1048576K
}
Event: 42.547 GC heap before
{Heap before GC invocations=126 (full 8):
 par new generation   total 39296K, used 31897K [0x0000000644200000, 0x0000000646ca0000, 0x0000000658ec0000)
  eden space 34944K,  91% used [0x0000000644200000, 0x0000000646117938, 0x0000000646420000)
  from space 4352K,   1% used [0x0000000646420000, 0x000000064642edd8, 0x0000000646860000)
  to   space 4352K,   0% used [0x0000000646860000, 0x0000000646860000, 0x0000000646ca0000)
 concurrent mark-sweep generation total 150100K, used 127556K [0x0000000658ec0000, 0x0000000662155000, 0x00000007c0000000)
 Metaspace       used 54174K, capacity 54546K, committed 55064K, reserved 1095680K
  class space    used 9313K, capacity 9414K, committed 9496K, reserved 1048576K
Event: 42.569 GC heap after
Heap after GC invocations=127 (full 8):
 par new generation   total 39296K, used 43K [0x0000000644200000, 0x0000000646ca0000, 0x0000000658ec0000)
  eden space 34944K,   0% used [0x0000000644200000, 0x0000000644200000, 0x0000000646420000)
  from space 4352K,   0% used [0x0000000646860000, 0x000000064686ada0, 0x0000000646ca0000)
  to   space 4352K,   0% used [0x0000000646420000, 0x0000000646420000, 0x0000000646860000)
 concurrent mark-sweep generation total 181356K, used 158806K [0x0000000658ec0000, 0x0000000663fdb000, 0x00000007c0000000)
 Metaspace       used 54174K, capacity 54546K, committed 55064K, reserved 1095680K
  class space    used 9313K, capacity 9414K, committed 9496K, reserved 1048576K
}
Event: 42.633 GC heap before
{Heap before GC invocations=127 (full 8):
 par new generation   total 39296K, used 32635K [0x0000000644200000, 0x0000000646ca0000, 0x0000000658ec0000)
  eden space 34944K,  93% used [0x0000000644200000, 0x00000006461d3ed8, 0x0000000646420000)
  from space 4352K,   0% used [0x0000000646860000, 0x000000064686ada0, 0x0000000646ca0000)
  to   space 4352K,   0% used [0x0000000646420000, 0x0000000646420000, 0x0000000646860000)
 concurrent mark-sweep generation total 181356K, used 158806K [0x0000000658ec0000, 0x0000000663fdb000, 0x00000007c0000000)
 Metaspace       used 54180K, capacity 54546K, committed 55064K, reserved 1095680K
  class space    used 9314K, capacity 9414K, committed 9496K, reserved 1048576K
Event: 42.653 GC heap after
Heap after GC invocations=128 (full 8):
 par new generation   total 39296K, used 52K [0x0000000644200000, 0x0000000646ca0000, 0x0000000658ec0000)
  eden space 34944K,   0% used [0x0000000644200000, 0x0000000644200000, 0x0000000646420000)
  from space 4352K,   1% used [0x0000000646420000, 0x000000064642d3d0, 0x0000000646860000)
  to   space 4352K,   0% used [0x0000000646860000, 0x0000000646860000, 0x0000000646ca0000)
 concurrent mark-sweep generation total 212612K, used 190056K [0x0000000658ec0000, 0x0000000665e61000, 0x00000007c0000000)
 Metaspace       used 54180K, capacity 54546K, committed 55064K, reserved 1095680K
  class space    used 9314K, capacity 9414K, committed 9496K, reserved 1048576K
}
Event: 43.317 GC heap before
{Heap before GC invocations=128 (full 8):
 par new generation   total 39296K, used 29597K [0x0000000644200000, 0x0000000646ca0000, 0x0000000658ec0000)
  eden space 34944K,  84% used [0x0000000644200000, 0x0000000645eda188, 0x0000000646420000)
  from space 4352K,   1% used [0x0000000646420000, 0x000000064642d3d0, 0x0000000646860000)
  to   space 4352K,   0% used [0x0000000646860000, 0x0000000646860000, 0x0000000646ca0000)
 concurrent mark-sweep generation total 212612K, used 190056K [0x0000000658ec0000, 0x0000000665e61000, 0x00000007c0000000)
 Metaspace       used 54270K, capacity 54674K, committed 55064K, reserved 1095680K
  class space    used 9316K, capacity 9414K, committed 9496K, reserved 1048576K
Event: 43.327 GC heap after
Heap after GC invocations=129 (full 8):
 par new generation   total 39296K, used 4146K [0x0000000644200000, 0x0000000646ca0000, 0x0000000658ec0000)
  eden space 34944K,   0% used [0x0000000644200000, 0x0000000644200000, 0x0000000646420000)
  from space 4352K,  95% used [0x0000000646860000, 0x0000000646c6c9e0, 0x0000000646ca0000)
  to   space 4352K,   0% used [0x0000000646420000, 0x0000000646420000, 0x0000000646860000)
 concurrent mark-sweep generation total 228240K, used 213493K [0x0000000658ec0000, 0x0000000666da4000, 0x00000007c0000000)
 Metaspace       used 54270K, capacity 54674K, committed 55064K, reserved 1095680K
  class space    used 9316K, capacity 9414K, committed 9496K, reserved 1048576K
}
Event: 43.338 GC heap before
{Heap before GC invocations=129 (full 8):
 par new generation   total 39296K, used 36056K [0x0000000644200000, 0x0000000646ca0000, 0x0000000658ec0000)
  eden space 34944K,  91% used [0x0000000644200000, 0x0000000646129890, 0x0000000646420000)
  from space 4352K,  95% used [0x0000000646860000, 0x0000000646c6c9e0, 0x0000000646ca0000)
  to   space 4352K,   0% used [0x0000000646420000, 0x0000000646420000, 0x0000000646860000)
 concurrent mark-sweep generation total 228240K, used 213493K [0x0000000658ec0000, 0x0000000666da4000, 0x00000007c0000000)
 Metaspace       used 54287K, capacity 54674K, committed 55064K, reserved 1095680K
  class space    used 9316K, capacity 9414K, committed 9496K, reserved 1048576K
Event: 43.361 GC heap after
Heap after GC invocations=130 (full 8):
 par new generation   total 39296K, used 164K [0x0000000644200000, 0x0000000646ca0000, 0x0000000658ec0000)
  eden space 34944K,   0% used [0x0000000644200000, 0x0000000644200000, 0x0000000646420000)
  from space 4352K,   3% used [0x0000000646420000, 0x00000006464490a0, 0x0000000646860000)
  to   space 4352K,   0% used [0x0000000646860000, 0x0000000646860000, 0x0000000646ca0000)
 concurrent mark-sweep generation total 259496K, used 248862K [0x0000000658ec0000, 0x0000000668c2a000, 0x00000007c0000000)
 Metaspace       used 54287K, capacity 54674K, committed 55064K, reserved 1095680K
  class space    used 9316K, capacity 9414K, committed 9496K, reserved 1048576K
}

