# JRE version: Java(TM) SE Runtime Environment (8.0_51-b16) (build 1.8.0_51-b16)
# Java VM: Java HotSpot(TM) 64-Bit Server VM (25.51-b03 mixed mode windows-amd64 compressed oops)
Heap:
 par new generation   total 39296K, used 15146K [0x0000000644200000, 0x0000000646ca0000, 0x0000000658ec0000)
  eden space 34944K,  33% used [0x0000000644200000, 0x0000000644d786f0, 0x0000000646420000)
  from space 4352K,  78% used [0x0000000646860000, 0x0000000646bb22d8, 0x0000000646ca0000)
  to   space 4352K,   0% used [0x0000000646420000, 0x0000000646420000, 0x0000000646860000)
 concurrent mark-sweep generation total 87424K, used 47757K [0x0000000658ec0000, 0x000000065e420000, 0x00000007c0000000)
 Metaspace       used 56210K, capacity 56614K, committed 57052K, reserved 1097728K
  class space    used 9516K, capacity 9619K, committed 9692K, reserved 1048576K
GC Heap History (10 events):
Event: 223.742 GC heap before
{Heap before GC invocations=34 (full 7):
 par new generation   total 39296K, used 34952K [0x0000000644200000, 0x0000000646ca0000, 0x0000000658ec0000)
  eden space 34944K, 100% used [0x0000000644200000, 0x0000000646420000, 0x0000000646420000)
  from space 4352K,   0% used [0x0000000646420000, 0x0000000646422040, 0x0000000646860000)
  to   space 4352K,   0% used [0x0000000646860000, 0x0000000646860000, 0x0000000646ca0000)
 concurrent mark-sweep generation total 87424K, used 40588K [0x0000000658ec0000, 0x000000065e420000, 0x00000007c0000000)
 Metaspace       used 55813K, capacity 56188K, committed 56796K, reserved 1095680K
  class space    used 9482K, capacity 9585K, committed 9692K, reserved 1048576K
Event: 223.744 GC heap after
Heap after GC invocations=35 (full 7):
 par new generation   total 39296K, used 8K [0x0000000644200000, 0x0000000646ca0000, 0x0000000658ec0000)
  eden space 34944K,   0% used [0x0000000644200000, 0x0000000644200000, 0x0000000646420000)
  from space 4352K,   0% used [0x0000000646860000, 0x0000000646862040, 0x0000000646ca0000)
  to   space 4352K,   0% used [0x0000000646420000, 0x0000000646420000, 0x0000000646860000)
 concurrent mark-sweep generation total 87424K, used 40588K [0x0000000658ec0000, 0x000000065e420000, 0x00000007c0000000)
 Metaspace       used 55813K, capacity 56188K, committed 56796K, reserved 1095680K
  class space    used 9482K, capacity 9585K, committed 9692K, reserved 1048576K
}
Event: 223.925 GC heap before
{Heap before GC invocations=35 (full 7):
 par new generation   total 39296K, used 34952K [0x0000000644200000, 0x0000000646ca0000, 0x0000000658ec0000)
  eden space 34944K, 100% used [0x0000000644200000, 0x0000000646420000, 0x0000000646420000)
  from space 4352K,   0% used [0x0000000646860000, 0x0000000646862040, 0x0000000646ca0000)
  to   space 4352K,   0% used [0x0000000646420000, 0x0000000646420000, 0x0000000646860000)
 concurrent mark-sweep generation total 87424K, used 40588K [0x0000000658ec0000, 0x000000065e420000, 0x00000007c0000000)
 Metaspace       used 55813K, capacity 56188K, committed 56796K, reserved 1095680K
  class space    used 9482K, capacity 9585K, committed 9692K, reserved 1048576K
Event: 223.926 GC heap after
Heap after GC invocations=36 (full 7):
 par new generation   total 39296K, used 8K [0x0000000644200000, 0x0000000646ca0000, 0x0000000658ec0000)
  eden space 34944K,   0% used [0x0000000644200000, 0x0000000644200000, 0x0000000646420000)
  from space 4352K,   0% used [0x0000000646420000, 0x0000000646422040, 0x0000000646860000)
  to   space 4352K,   0% used [0x0000000646860000, 0x0000000646860000, 0x0000000646ca0000)
 concurrent mark-sweep generation total 87424K, used 40588K [0x0000000658ec0000, 0x000000065e420000, 0x00000007c0000000)
 Metaspace       used 55813K, capacity 56188K, committed 56796K, reserved 1095680K
  class space    used 9482K, capacity 9585K, committed 9692K, reserved 1048576K
}
Event: 224.102 GC heap before
{Heap before GC invocations=36 (full 7):
 par new generation   total 39296K, used 34952K [0x0000000644200000, 0x0000000646ca0000, 0x0000000658ec0000)
  eden space 34944K, 100% used [0x0000000644200000, 0x0000000646420000, 0x0000000646420000)
  from space 4352K,   0% used [0x0000000646420000, 0x0000000646422040, 0x0000000646860000)
  to   space 4352K,   0% used [0x0000000646860000, 0x0000000646860000, 0x0000000646ca0000)
 concurrent mark-sweep generation total 87424K, used 40588K [0x0000000658ec0000, 0x000000065e420000, 0x00000007c0000000)
 Metaspace       used 55813K, capacity 56188K, committed 56796K, reserved 1095680K
  class space    used 9482K, capacity 9585K, committed 9692K, reserved 1048576K
Event: 224.104 GC heap after
Heap after GC invocations=37 (full 7):
 par new generation   total 39296K, used 8K [0x0000000644200000, 0x0000000646ca0000, 0x0000000658ec0000)
  eden space 34944K,   0% used [0x0000000644200000, 0x0000000644200000, 0x0000000646420000)
  from space 4352K,   0% used [0x0000000646860000, 0x0000000646862040, 0x0000000646ca0000)
  to   space 4352K,   0% used [0x0000000646420000, 0x0000000646420000, 0x0000000646860000)
 concurrent mark-sweep generation total 87424K, used 40589K [0x0000000658ec0000, 0x000000065e420000, 0x00000007c0000000)
 Metaspace       used 55813K, capacity 56188K, committed 56796K, reserved 1095680K
  class space    used 9482K, capacity 9585K, committed 9692K, reserved 1048576K
}
Event: 224.315 GC heap before
{Heap before GC invocations=37 (full 8):
 par new generation   total 39296K, used 34952K [0x0000000644200000, 0x0000000646ca0000, 0x0000000658ec0000)
  eden space 34944K, 100% used [0x0000000644200000, 0x0000000646420000, 0x0000000646420000)
  from space 4352K,   0% used [0x0000000646860000, 0x0000000646862040, 0x0000000646ca0000)
  to   space 4352K,   0% used [0x0000000646420000, 0x0000000646420000, 0x0000000646860000)
 concurrent mark-sweep generation total 87424K, used 40589K [0x0000000658ec0000, 0x000000065e420000, 0x00000007c0000000)
 Metaspace       used 55813K, capacity 56188K, committed 56796K, reserved 1095680K
  class space    used 9482K, capacity 9585K, committed 9692K, reserved 1048576K
Event: 224.317 GC heap after
Heap after GC invocations=38 (full 8):
 par new generation   total 39296K, used 6K [0x0000000644200000, 0x0000000646ca0000, 0x0000000658ec0000)
  eden space 34944K,   0% used [0x0000000644200000, 0x0000000644200000, 0x0000000646420000)
  from space 4352K,   0% used [0x0000000646420000, 0x0000000646421830, 0x0000000646860000)
  to   space 4352K,   0% used [0x0000000646860000, 0x0000000646860000, 0x0000000646ca0000)
 concurrent mark-sweep generation total 87424K, used 40589K [0x0000000658ec0000, 0x000000065e420000, 0x00000007c0000000)
 Metaspace       used 55813K, capacity 56188K, committed 56796K, reserved 1095680K
  class space    used 9482K, capacity 9585K, committed 9692K, reserved 1048576K
}
Event: 224.852 GC heap before
{Heap before GC invocations=38 (full 8):
 par new generation   total 39296K, used 34950K [0x0000000644200000, 0x0000000646ca0000, 0x0000000658ec0000)
  eden space 34944K, 100% used [0x0000000644200000, 0x0000000646420000, 0x0000000646420000)
  from space 4352K,   0% used [0x0000000646420000, 0x0000000646421830, 0x0000000646860000)
  to   space 4352K,   0% used [0x0000000646860000, 0x0000000646860000, 0x0000000646ca0000)
 concurrent mark-sweep generation total 87424K, used 40589K [0x0000000658ec0000, 0x000000065e420000, 0x00000007c0000000)
 Metaspace       used 55892K, capacity 56252K, committed 56796K, reserved 1095680K
  class space    used 9485K, capacity 9585K, committed 9692K, reserved 1048576K
Event: 224.881 GC heap after
Heap after GC invocations=39 (full 8):
 par new generation   total 39296K, used 3400K [0x0000000644200000, 0x0000000646ca0000, 0x0000000658ec0000)
  eden space 34944K,   0% used [0x0000000644200000, 0x0000000644200000, 0x0000000646420000)
  from space 4352K,  78% used [0x0000000646860000, 0x0000000646bb22d8, 0x0000000646ca0000)
  to   space 4352K,   0% used [0x0000000646420000, 0x0000000646420000, 0x0000000646860000)
 concurrent mark-sweep generation total 87424K, used 47757K [0x0000000658ec0000, 0x000000065e420000, 0x00000007c0000000)
 Metaspace       used 55892K, capacity 56252K, committed 56796K, reserved 1095680K
  class space    used 9485K, capacity 9585K, committed 9692K, reserved 1048576K
}

