# JRE version: Java(TM) SE Runtime Environment (8.0_51-b16) (build 1.8.0_51-b16)
# Java VM: Java HotSpot(TM) 64-Bit Server VM (25.51-b03 mixed mode windows-amd64 compressed oops)
Heap:
 par new generation   total 39296K, used 20489K [0x0000000644200000, 0x0000000646ca0000, 0x0000000658ec0000)
  eden space 34944K,  48% used [0x0000000644200000, 0x00000006452b0258, 0x0000000646420000)
  from space 4352K,  78% used [0x0000000646860000, 0x0000000646bb2378, 0x0000000646ca0000)
  to   space 4352K,   0% used [0x0000000646420000, 0x0000000646420000, 0x0000000646860000)
 concurrent mark-sweep generation total 87424K, used 39579K [0x0000000658ec0000, 0x000000065e420000, 0x00000007c0000000)
 Metaspace       used 54617K, capacity 54994K, committed 55500K, reserved 1095680K
  class space    used 9359K, capacity 9451K, committed 9512K, reserved 1048576K
GC Heap History (10 events):
Event: 41.522 GC heap before
{Heap before GC invocations=24 (full 5):
 par new generation   total 39296K, used 34950K [0x0000000644200000, 0x0000000646ca0000, 0x0000000658ec0000)
  eden space 34944K, 100% used [0x0000000644200000, 0x0000000646420000, 0x0000000646420000)
  from space 4352K,   0% used [0x0000000646420000, 0x0000000646421830, 0x0000000646860000)
  to   space 4352K,   0% used [0x0000000646860000, 0x0000000646860000, 0x0000000646ca0000)
 concurrent mark-sweep generation total 87424K, used 36507K [0x0000000658ec0000, 0x000000065e420000, 0x00000007c0000000)
 Metaspace       used 54078K, capacity 54496K, committed 54988K, reserved 1095680K
  class space    used 9320K, capacity 9417K, committed 9512K, reserved 1048576K
Event: 41.523 GC heap after
Heap after GC invocations=25 (full 5):
 par new generation   total 39296K, used 6K [0x0000000644200000, 0x0000000646ca0000, 0x0000000658ec0000)
  eden space 34944K,   0% used [0x0000000644200000, 0x0000000644200000, 0x0000000646420000)
  from space 4352K,   0% used [0x0000000646860000, 0x0000000646861830, 0x0000000646ca0000)
  to   space 4352K,   0% used [0x0000000646420000, 0x0000000646420000, 0x0000000646860000)
 concurrent mark-sweep generation total 87424K, used 36507K [0x0000000658ec0000, 0x000000065e420000, 0x00000007c0000000)
 Metaspace       used 54078K, capacity 54496K, committed 54988K, reserved 1095680K
  class space    used 9320K, capacity 9417K, committed 9512K, reserved 1048576K
}
Event: 41.636 GC heap before
{Heap before GC invocations=25 (full 5):
 par new generation   total 39296K, used 34950K [0x0000000644200000, 0x0000000646ca0000, 0x0000000658ec0000)
  eden space 34944K, 100% used [0x0000000644200000, 0x0000000646420000, 0x0000000646420000)
  from space 4352K,   0% used [0x0000000646860000, 0x0000000646861830, 0x0000000646ca0000)
  to   space 4352K,   0% used [0x0000000646420000, 0x0000000646420000, 0x0000000646860000)
 concurrent mark-sweep generation total 87424K, used 36507K [0x0000000658ec0000, 0x000000065e420000, 0x00000007c0000000)
 Metaspace       used 54078K, capacity 54496K, committed 54988K, reserved 1095680K
  class space    used 9320K, capacity 9417K, committed 9512K, reserved 1048576K
Event: 41.637 GC heap after
Heap after GC invocations=26 (full 5):
 par new generation   total 39296K, used 8K [0x0000000644200000, 0x0000000646ca0000, 0x0000000658ec0000)
  eden space 34944K,   0% used [0x0000000644200000, 0x0000000644200000, 0x0000000646420000)
  from space 4352K,   0% used [0x0000000646420000, 0x0000000646422040, 0x0000000646860000)
  to   space 4352K,   0% used [0x0000000646860000, 0x0000000646860000, 0x0000000646ca0000)
 concurrent mark-sweep generation total 87424K, used 36507K [0x0000000658ec0000, 0x000000065e420000, 0x00000007c0000000)
 Metaspace       used 54078K, capacity 54496K, committed 54988K, reserved 1095680K
  class space    used 9320K, capacity 9417K, committed 9512K, reserved 1048576K
}
Event: 41.746 GC heap before
{Heap before GC invocations=26 (full 5):
 par new generation   total 39296K, used 34952K [0x0000000644200000, 0x0000000646ca0000, 0x0000000658ec0000)
  eden space 34944K, 100% used [0x0000000644200000, 0x0000000646420000, 0x0000000646420000)
  from space 4352K,   0% used [0x0000000646420000, 0x0000000646422040, 0x0000000646860000)
  to   space 4352K,   0% used [0x0000000646860000, 0x0000000646860000, 0x0000000646ca0000)
 concurrent mark-sweep generation total 87424K, used 36507K [0x0000000658ec0000, 0x000000065e420000, 0x00000007c0000000)
 Metaspace       used 54078K, capacity 54496K, committed 54988K, reserved 1095680K
  class space    used 9320K, capacity 9417K, committed 9512K, reserved 1048576K
Event: 41.747 GC heap after
Heap after GC invocations=27 (full 5):
 par new generation   total 39296K, used 6K [0x0000000644200000, 0x0000000646ca0000, 0x0000000658ec0000)
  eden space 34944K,   0% used [0x0000000644200000, 0x0000000644200000, 0x0000000646420000)
  from space 4352K,   0% used [0x0000000646860000, 0x0000000646861830, 0x0000000646ca0000)
  to   space 4352K,   0% used [0x0000000646420000, 0x0000000646420000, 0x0000000646860000)
 concurrent mark-sweep generation total 87424K, used 36507K [0x0000000658ec0000, 0x000000065e420000, 0x00000007c0000000)
 Metaspace       used 54078K, capacity 54496K, committed 54988K, reserved 1095680K
  class space    used 9320K, capacity 9417K, committed 9512K, reserved 1048576K
}
Event: 41.855 GC heap before
{Heap before GC invocations=27 (full 5):
 par new generation   total 39296K, used 34950K [0x0000000644200000, 0x0000000646ca0000, 0x0000000658ec0000)
  eden space 34944K, 100% used [0x0000000644200000, 0x0000000646420000, 0x0000000646420000)
  from space 4352K,   0% used [0x0000000646860000, 0x0000000646861830, 0x0000000646ca0000)
  to   space 4352K,   0% used [0x0000000646420000, 0x0000000646420000, 0x0000000646860000)
 concurrent mark-sweep generation total 87424K, used 36507K [0x0000000658ec0000, 0x000000065e420000, 0x00000007c0000000)
 Metaspace       used 54078K, capacity 54496K, committed 54988K, reserved 1095680K
  class space    used 9320K, capacity 9417K, committed 9512K, reserved 1048576K
Event: 41.857 GC heap after
Heap after GC invocations=28 (full 5):
 par new generation   total 39296K, used 2K [0x0000000644200000, 0x0000000646ca0000, 0x0000000658ec0000)
  eden space 34944K,   0% used [0x0000000644200000, 0x0000000644200000, 0x0000000646420000)
  from space 4352K,   0% used [0x0000000646420000, 0x0000000646420810, 0x0000000646860000)
  to   space 4352K,   0% used [0x0000000646860000, 0x0000000646860000, 0x0000000646ca0000)
 concurrent mark-sweep generation total 87424K, used 36507K [0x0000000658ec0000, 0x000000065e420000, 0x00000007c0000000)
 Metaspace       used 54078K, capacity 54496K, committed 54988K, reserved 1095680K
  class space    used 9320K, capacity 9417K, committed 9512K, reserved 1048576K
}
Event: 42.081 GC heap before
{Heap before GC invocations=28 (full 5):
 par new generation   total 39296K, used 34733K [0x0000000644200000, 0x0000000646ca0000, 0x0000000658ec0000)
  eden space 34944K,  99% used [0x0000000644200000, 0x00000006463ead10, 0x0000000646420000)
  from space 4352K,   0% used [0x0000000646420000, 0x0000000646420810, 0x0000000646860000)
  to   space 4352K,   0% used [0x0000000646860000, 0x0000000646860000, 0x0000000646ca0000)
 concurrent mark-sweep generation total 87424K, used 36507K [0x0000000658ec0000, 0x000000065e420000, 0x00000007c0000000)
 Metaspace       used 54198K, capacity 54560K, committed 54988K, reserved 1095680K
  class space    used 9323K, capacity 9417K, committed 9512K, reserved 1048576K
Event: 42.084 GC heap after
Heap after GC invocations=29 (full 5):
 par new generation   total 39296K, used 3400K [0x0000000644200000, 0x0000000646ca0000, 0x0000000658ec0000)
  eden space 34944K,   0% used [0x0000000644200000, 0x0000000644200000, 0x0000000646420000)
  from space 4352K,  78% used [0x0000000646860000, 0x0000000646bb2378, 0x0000000646ca0000)
  to   space 4352K,   0% used [0x0000000646420000, 0x0000000646420000, 0x0000000646860000)
 concurrent mark-sweep generation total 87424K, used 39579K [0x0000000658ec0000, 0x000000065e420000, 0x00000007c0000000)
 Metaspace       used 54198K, capacity 54560K, committed 54988K, reserved 1095680K
  class space    used 9323K, capacity 9417K, committed 9512K, reserved 1048576K
}

